<?xml version="1.0" encoding="UTF-8"?>
<!-- Generated by org.testng.reporters.JUnitReportReporter -->
<testsuite hostname="LTIN513868" failures="0" tests="3" name="com.cognizant.test.TestCases" time="85.446" errors="0" timestamp="2024-02-14T09:57:06 IST" skipped="0">
  <testcase classname="com.cognizant.test.TestCases" name="Test3" time="54.296"/>
  <system-out/>
  <testcase classname="com.cognizant.test.TestCases" name="Test2" time="0.818"/>
  <system-out/>
  <testcase classname="com.cognizant.test.TestCases" name="Test1" time="30.332"/>
  <system-out/>
</testsuite> <!-- com.cognizant.test.TestCases -->
