<?xml version="1.0" encoding="UTF-8"?>
<!-- Generated by org.testng.reporters.JUnitReportReporter -->
<testsuite hostname="LTIN513868" failures="0" tests="3" name="com.cognizant.test.TestCases" time="120.152" errors="0" timestamp="2024-02-12T11:30:22 IST" skipped="0">
  <testcase classname="com.cognizant.test.TestCases" name="Test1" time="40.014"/>
  <system-out/>
  <testcase classname="com.cognizant.test.TestCases" name="Test3" time="40.095"/>
  <system-out/>
  <testcase classname="com.cognizant.test.TestCases" name="Test2" time="40.043"/>
  <system-out/>
</testsuite> <!-- com.cognizant.test.TestCases -->
