<?xml version="1.0" encoding="UTF-8"?>
<!-- Generated by org.testng.reporters.JUnitReportReporter -->
<testsuite hostname="LTIN513868" failures="0" tests="3" name="com.cognizant.test.TestCases" time="117.552" errors="0" timestamp="2024-02-10T15:46:43 IST" skipped="0">
  <testcase classname="com.cognizant.test.TestCases" name="Test3" time="113.919"/>
  <system-out/>
  <testcase classname="com.cognizant.test.TestCases" name="Test1" time="0.963"/>
  <system-out/>
  <testcase classname="com.cognizant.test.TestCases" name="Test2" time="2.670"/>
  <system-out/>
</testsuite> <!-- com.cognizant.test.TestCases -->
